{
  "RSpec": {
    "coverage": {
      "/Users/student/Documents/Makers/weekly-challenges/bookmarks/spec/bookmark_spec.rb": [
        1,
        null,
        1,
        1,
        1,
        1,
        1,
        1,
        1,
        null,
        null,
        null
      ],
      "/Users/student/Documents/Makers/weekly-challenges/bookmarks/spec/features/view_bookmarks_spec.rb": [
        1,
        1,
        1,
        1,
        null,
        null,
        1,
        1,
        1,
        1,
        1,
        null,
        null,
        null
      ]
    },
    "timestamp": 1570465206
  }
}
